<?xml version="1.0" encoding="UTF-8"?>
<testsuite xmlns:xsi="http://www.w3.org/2001/XMLSchema-instance" xsi:noNamespaceSchemaLocation="https://maven.apache.org/surefire/maven-surefire-plugin/xsd/surefire-test-report.xsd" name="com.paynestsystem.domain.OrderItemTest" time="0.026" tests="4" errors="0" skipped="0" failures="0">
  <properties>
[...]
</properties>
  <testcase name="testNailsSubtotal" classname="com.paynestsystem.domain.OrderItemTest" time="0.004"/>
  <testcase name="testGettersReturnCorrectValues" classname="com.paynestsystem.domain.OrderItemTest" time="0"/>
  <testcase name="testDrillSubtotal" classname="com.paynestsystem.domain.OrderItemTest" time="0"/>
  <testcase name="testHammerSubtotal" classname="com.paynestsystem.domain.OrderItemTest" time="0"/>
</testsuite>